<?xml version="1.0" encoding="UTF-8"?>
<!-- Generated by org.testng.reporters.JUnitReportReporter -->
<testsuite hostname="Papun" name="com.testFunctions.TestFunctions" tests="3" failures="0" timestamp="13 Jun 2022 18:40:50 GMT" time="16.305" errors="0">
  <testcase name="testUserLogin" time="2.832" classname="com.testFunctions.TestFunctions"/>
  <testcase name="testUserReport" time="4.161" classname="com.testFunctions.TestFunctions"/>
  <testcase name="testEnterUserData" time="9.312" classname="com.testFunctions.TestFunctions"/>
</testsuite> <!-- com.testFunctions.TestFunctions -->
